2020-05-26 11:19:42,980 [Worker-29] INFO  o.e.m.c.i.l.LifecycleMappingFactory - Using org.maven.ide.eclipse.wtp.WarLifecycleMapping lifecycle mapping for MavenProject: org.casadocodigo:casadocodigo:1.0.0-SNAPSHOT @ C:\Users\betoc\Documents\java-alura\Java\SpringMVC\casadocodigo\pom.xml.
2020-05-26 11:19:48,836 [Worker-29] INFO  o.e.m.j.i.AbstractJavaProjectConfigurator - Adding source folder /casadocodigo/src/main/java
2020-05-26 11:19:48,839 [Worker-29] INFO  o.e.m.j.i.AbstractJavaProjectConfigurator - Adding resource folder /casadocodigo/src/main/resources
2020-05-26 11:19:48,883 [Worker-29] INFO  o.e.m.j.i.AbstractJavaProjectConfigurator - Adding source folder /casadocodigo/src/test/java
2020-05-26 11:19:48,884 [Worker-29] INFO  o.e.m.j.i.AbstractJavaProjectConfigurator - Adding resource folder /casadocodigo/src/test/resources
2020-05-26 11:19:55,106 [Worker-29] INFO  o.e.m.c.i.p.ProjectConfigurationManager - Imported and configured 1 project(s) in 26 sec
2020-05-26 11:20:00,746 [Worker-30] INFO  o.e.m.c.i.embedder.EclipseLogger - Using 'UTF-8' encoding to copy filtered resources.
2020-05-26 11:20:00,761 [Worker-30] INFO  o.e.m.c.i.embedder.EclipseLogger - Copying 0 resource
2020-05-26 11:20:00,797 [Worker-30] INFO  o.e.m.c.i.embedder.EclipseLogger - Using 'UTF-8' encoding to copy filtered resources.
2020-05-26 11:20:00,797 [Worker-30] INFO  o.e.m.c.i.embedder.EclipseLogger - Copying 0 resource
2020-05-26 11:21:11,067 [Worker-35] INFO  o.e.m.c.i.embedder.EclipseLogger - Using 'UTF-8' encoding to copy filtered resources.
2020-05-26 11:21:11,084 [Worker-35] INFO  o.e.m.c.i.embedder.EclipseLogger - Copying 0 resource
2020-05-26 11:21:11,086 [Worker-35] INFO  o.e.m.c.i.embedder.EclipseLogger - Using 'UTF-8' encoding to copy filtered resources.
2020-05-26 11:21:11,086 [Worker-35] INFO  o.e.m.c.i.embedder.EclipseLogger - Copying 0 resource
2020-05-26 11:22:01,119 [Worker-34] INFO  o.e.m.c.i.embedder.EclipseLogger - Using 'UTF-8' encoding to copy filtered resources.
2020-05-26 11:22:01,120 [Worker-34] INFO  o.e.m.c.i.embedder.EclipseLogger - Copying 0 resource
2020-05-26 11:22:01,122 [Worker-34] INFO  o.e.m.c.i.embedder.EclipseLogger - Using 'UTF-8' encoding to copy filtered resources.
2020-05-26 11:22:01,123 [Worker-34] INFO  o.e.m.c.i.embedder.EclipseLogger - Copying 0 resource
2020-05-26 11:23:59,057 [Worker-32] INFO  o.e.m.c.i.embedder.EclipseLogger - Using 'UTF-8' encoding to copy filtered resources.
2020-05-26 11:23:59,058 [Worker-32] INFO  o.e.m.c.i.embedder.EclipseLogger - Copying 0 resource
2020-05-26 11:23:59,061 [Worker-32] INFO  o.e.m.c.i.embedder.EclipseLogger - Using 'UTF-8' encoding to copy filtered resources.
2020-05-26 11:23:59,062 [Worker-32] INFO  o.e.m.c.i.embedder.EclipseLogger - Copying 0 resource
